Using pre-set license
Built from '2021.3/staging' branch; Version is '2021.3.21f1 (1b156197d683) revision 1774945'; Using compiler version '192829333'; Build Type 'Release'
OS: 'Windows 10  (10.0.19045) 64bit Professional' Language: 'en' Physical Memory: 32581 MB
BatchMode: 1, IsHumanControllingUs: 0, StartBugReporterOnCrash: 0, Is64bit: 1, IsPro: 1

COMMAND LINE ARGUMENTS:
D:\Unity Projects\Unity Installs\2021.3.21f1\Editor\Unity.exe
-adb2
-batchMode
-noUpm
-name
AssetImportWorker0
-projectPath
D:/Unity Projects/Senior-Project-ProcGenPlatformer
-logFile
Logs/AssetImportWorker0.log
-srvPort
50442
Successfully changed project path to: D:/Unity Projects/Senior-Project-ProcGenPlatformer
D:/Unity Projects/Senior-Project-ProcGenPlatformer
[UnityMemory] Configuration Parameters - Can be set up in boot.config
    "memorysetup-bucket-allocator-granularity=16"
    "memorysetup-bucket-allocator-bucket-count=8"
    "memorysetup-bucket-allocator-block-size=33554432"
    "memorysetup-bucket-allocator-block-count=8"
    "memorysetup-main-allocator-block-size=16777216"
    "memorysetup-thread-allocator-block-size=16777216"
    "memorysetup-gfx-main-allocator-block-size=16777216"
    "memorysetup-gfx-thread-allocator-block-size=16777216"
    "memorysetup-cache-allocator-block-size=4194304"
    "memorysetup-typetree-allocator-block-size=2097152"
    "memorysetup-profiler-bucket-allocator-granularity=16"
    "memorysetup-profiler-bucket-allocator-bucket-count=8"
    "memorysetup-profiler-bucket-allocator-block-size=33554432"
    "memorysetup-profiler-bucket-allocator-block-count=8"
    "memorysetup-profiler-allocator-block-size=16777216"
    "memorysetup-profiler-editor-allocator-block-size=1048576"
    "memorysetup-temp-allocator-size-main=16777216"
    "memorysetup-job-temp-allocator-block-size=2097152"
    "memorysetup-job-temp-allocator-block-size-background=1048576"
    "memorysetup-job-temp-allocator-reduction-small-platforms=262144"
    "memorysetup-temp-allocator-size-background-worker=32768"
    "memorysetup-temp-allocator-size-job-worker=262144"
    "memorysetup-temp-allocator-size-preload-manager=33554432"
    "memorysetup-temp-allocator-size-nav-mesh-worker=65536"
    "memorysetup-temp-allocator-size-audio-worker=65536"
    "memorysetup-temp-allocator-size-cloud-worker=32768"
    "memorysetup-temp-allocator-size-gi-baking-worker=262144"
    "memorysetup-temp-allocator-size-gfx=262144"
Player connection [24840] Host "[IP] 192.168.1.89 [Port] 0 [Flags] 2 [Guid] 3463486461 [EditorId] 3463486461 [Version] 1048832 [Id] WindowsEditor(7,BryceComp) [Debug] 1 [PackageName] WindowsEditor [ProjectName] Editor" joined multi-casting on [225.0.0.222:54997]...

Player connection [24840] Host "[IP] 192.168.1.89 [Port] 0 [Flags] 2 [Guid] 3463486461 [EditorId] 3463486461 [Version] 1048832 [Id] WindowsEditor(7,BryceComp) [Debug] 1 [PackageName] WindowsEditor [ProjectName] Editor" joined alternative multi-casting on [225.0.0.222:34997]...

Refreshing native plugins compatible for Editor in 82.87 ms, found 3 plugins.
Preloading 0 native plugins for Editor in 0.00 ms.
Initialize engine version: 2021.3.21f1 (1b156197d683)
[Subsystems] Discovering subsystems at path D:/Unity Projects/Unity Installs/2021.3.21f1/Editor/Data/Resources/UnitySubsystems
[Subsystems] Discovering subsystems at path D:/Unity Projects/Senior-Project-ProcGenPlatformer/Assets
GfxDevice: creating device client; threaded=0; jobified=0
Direct3D:
    Version:  Direct3D 11.0 [level 11.1]
    Renderer: NVIDIA GeForce RTX 2070 SUPER (ID=0x1e84)
    Vendor:   NVIDIA
    VRAM:     8003 MB
    Driver:   31.0.15.3141
Initialize mono
Mono path[0] = 'D:/Unity Projects/Unity Installs/2021.3.21f1/Editor/Data/Managed'
Mono path[1] = 'D:/Unity Projects/Unity Installs/2021.3.21f1/Editor/Data/MonoBleedingEdge/lib/mono/unityjit-win32'
Mono config path = 'D:/Unity Projects/Unity Installs/2021.3.21f1/Editor/Data/MonoBleedingEdge/etc'
Using monoOptions --debugger-agent=transport=dt_socket,embedding=1,server=y,suspend=n,address=127.0.0.1:56844
Begin MonoManager ReloadAssembly
Registering precompiled unity dll's ...
Register platform support module: D:/Unity Projects/Unity Installs/2021.3.21f1/Editor/Data/PlaybackEngines/WebGLSupport/UnityEditor.WebGL.Extensions.dll
Register platform support module: D:/Unity Projects/Unity Installs/2021.3.21f1/Editor/Data/PlaybackEngines/AndroidPlayer/UnityEditor.Android.Extensions.dll
Register platform support module: D:/Unity Projects/Unity Installs/2021.3.21f1/Editor/Data/PlaybackEngines/iOSSupport/UnityEditor.iOS.Extensions.dll
Register platform support module: D:/Unity Projects/Unity Installs/2021.3.21f1/Editor/Data/PlaybackEngines/WindowsStandaloneSupport/UnityEditor.WindowsStandalone.Extensions.dll
Registered in 0.003676 seconds.
Native extension for WindowsStandalone target not found
[usbmuxd] Start listen thread
[usbmuxd] Listen thread started
Native extension for iOS target not found
Native extension for Android target not found
Android Extension - Scanning For ADB Devices 227 ms
Native extension for WebGL target not found
Refreshing native plugins compatible for Editor in 69.71 ms, found 3 plugins.
Preloading 0 native plugins for Editor in 0.00 ms.
Mono: successfully reloaded assembly
- Completed reload, in  0.845 seconds
Domain Reload Profiling:
	ReloadAssembly (846ms)
		BeginReloadAssembly (50ms)
			ExecutionOrderSort (0ms)
			DisableScriptedObjects (0ms)
			BackupInstance (0ms)
			ReleaseScriptingObjects (0ms)
			CreateAndSetChildDomain (0ms)
		EndReloadAssembly (706ms)
			LoadAssemblies (51ms)
			RebuildTransferFunctionScriptingTraits (0ms)
			SetupTypeCache (103ms)
			ReleaseScriptCaches (0ms)
			RebuildScriptCaches (30ms)
			SetupLoadedEditorAssemblies (526ms)
				LogAssemblyErrors (0ms)
				InitializePlatformSupportModulesInManaged (319ms)
				SetLoadedEditorAssemblies (0ms)
				RefreshPlugins (70ms)
				BeforeProcessingInitializeOnLoad (1ms)
				ProcessInitializeOnLoadAttributes (93ms)
				ProcessInitializeOnLoadMethodAttributes (42ms)
				AfterProcessingInitializeOnLoad (0ms)
				EditorAssembliesLoaded (0ms)
			ExecutionOrderSort2 (0ms)
			AwakeInstancesAfterBackupRestoration (0ms)
Platform modules already initialized, skipping
Registering precompiled user dll's ...
Registered in 0.002718 seconds.
Begin MonoManager ReloadAssembly
Symbol file LoadedFromMemory doesn't match image D:\Unity Projects\Senior-Project-ProcGenPlatformer\Library\PackageCache\com.unity.visualscripting@1.8.0\Editor\VisualScripting.Core\Dependencies\YamlDotNet\Unity.VisualScripting.YamlDotNet.dll
Symbol file LoadedFromMemory doesn't match image D:\Unity Projects\Senior-Project-ProcGenPlatformer\Library\PackageCache\com.unity.visualscripting@1.8.0\Editor\VisualScripting.Core\Dependencies\DotNetZip\Unity.VisualScripting.IonicZip.dll
Native extension for WindowsStandalone target not found
Native extension for iOS target not found
Native extension for Android target not found
Native extension for WebGL target not found
Refreshing native plugins compatible for Editor in 0.67 ms, found 3 plugins.
Preloading 0 native plugins for Editor in 0.00 ms.
Mono: successfully reloaded assembly
Package Manager log level set to [2]
- Completed reload, in  0.909 seconds
Domain Reload Profiling:
	ReloadAssembly (910ms)
		BeginReloadAssembly (111ms)
			ExecutionOrderSort (0ms)
			DisableScriptedObjects (6ms)
			BackupInstance (0ms)
			ReleaseScriptingObjects (0ms)
			CreateAndSetChildDomain (18ms)
		EndReloadAssembly (702ms)
			LoadAssemblies (82ms)
			RebuildTransferFunctionScriptingTraits (0ms)
			SetupTypeCache (205ms)
			ReleaseScriptCaches (0ms)
			RebuildScriptCaches (54ms)
			SetupLoadedEditorAssemblies (309ms)
				LogAssemblyErrors (0ms)
				InitializePlatformSupportModulesInManaged (23ms)
				SetLoadedEditorAssemblies (0ms)
				RefreshPlugins (1ms)
				BeforeProcessingInitializeOnLoad (70ms)
				ProcessInitializeOnLoadAttributes (194ms)
				ProcessInitializeOnLoadMethodAttributes (18ms)
				AfterProcessingInitializeOnLoad (4ms)
				EditorAssembliesLoaded (0ms)
			ExecutionOrderSort2 (0ms)
			AwakeInstancesAfterBackupRestoration (6ms)
Platform modules already initialized, skipping
========================================================================
Worker process is ready to serve import requests
Launched and connected shader compiler UnityShaderCompiler.exe after 0.03 seconds
Refreshing native plugins compatible for Editor in 0.35 ms, found 3 plugins.
Preloading 0 native plugins for Editor in 0.00 ms.
Unloading 3177 Unused Serialized files (Serialized files now loaded: 0)
Unloading 37 unused Assets / (88.1 KB). Loaded Objects now: 3628.
Memory consumption went from 112.6 MB to 112.5 MB.
Total: 1.698600 ms (FindLiveObjects: 0.126700 ms CreateObjectMapping: 0.058700 ms MarkObjects: 1.452800 ms  DeleteObjects: 0.059600 ms)

AssetImportParameters requested are different than current active one (requested -> active):
  custom:video-decoder-ogg-theora: a1e56fd34408186e4bbccfd4996cb3dc -> 
  custom:container-muxer-webm: aa71ff27fc2769a1b78a27578f13a17b -> 
  custom:container-demuxer-webm: 4f35f7cbe854078d1ac9338744f61a02 -> 
  custom:video-encoder-webm-vp8: eb34c28f22e8b96e1ab97ce403110664 -> 
  custom:video-codec-MediaFoundation-h265: 746d11721c4dcdbdad8f713fa42b33f4 -> 
  custom:audio-encoder-webm-vorbis: bf7c407c2cedff20999df2af8eb42d56 -> 
  custom:framework-win-MediaFoundation: 216162199b28c13a410421893ffa2e32 -> 
  custom:container-demuxer-ogg: 62fdf1f143b41e24485cea50d1cbac27 -> 
  custom:video-decoder-webm-vp8: 9c59270c3fd7afecdb556c50c9e8de78 -> 
  custom:audio-decoder-ogg-vorbis: bf7c407c2cedff20999df2af8eb42d56 -> 
========================================================================
Received Import Request.
  Time since last request: 20440.349730 seconds.
  path: Assets/UI/DifficultyChoiceScreen/DifficultyChoicesScreen.uxml
  artifactKey: Guid(5547f0fc819ac49a98fd3a342bf62f31) Importer(815301076,1909f56bfc062723c751e8b465ee728b)
Start importing Assets/UI/DifficultyChoiceScreen/DifficultyChoicesScreen.uxml using Guid(5547f0fc819ac49a98fd3a342bf62f31) Importer(815301076,1909f56bfc062723c751e8b465ee728b)  -> (artifact id: 'ed917d190ecee4c8b4b3ceda377de054') in 0.043330 seconds 
========================================================================
Received Import Request.
  Time since last request: 66.741484 seconds.
  path: Assets/UI/DifficultyChoiceScreen/DifficultyChoicesScreen.uxml
  artifactKey: Guid(5547f0fc819ac49a98fd3a342bf62f31) Importer(815301076,1909f56bfc062723c751e8b465ee728b)
Start importing Assets/UI/DifficultyChoiceScreen/DifficultyChoicesScreen.uxml using Guid(5547f0fc819ac49a98fd3a342bf62f31) Importer(815301076,1909f56bfc062723c751e8b465ee728b)  -> (artifact id: '3c18aab93b9669b6e00ba8cefd133a82') in 0.014920 seconds 
========================================================================
Received Import Request.
  Time since last request: 12.402642 seconds.
  path: Assets/UI/DifficultyChoiceScreen/DifficultyChoicesScreen.uxml
  artifactKey: Guid(5547f0fc819ac49a98fd3a342bf62f31) Importer(815301076,1909f56bfc062723c751e8b465ee728b)
Start importing Assets/UI/DifficultyChoiceScreen/DifficultyChoicesScreen.uxml using Guid(5547f0fc819ac49a98fd3a342bf62f31) Importer(815301076,1909f56bfc062723c751e8b465ee728b)  -> (artifact id: '34f1cd95e22593d4b040f42b0047e434') in 0.015123 seconds 
========================================================================
Received Import Request.
  Time since last request: 42.308264 seconds.
  path: Assets/UI/DifficultyChoiceScreen/Scripts/DifficultyScreenStyle.uss
  artifactKey: Guid(98ecf60fb27461b4699904fbe4112004) Importer(815301076,1909f56bfc062723c751e8b465ee728b)
Start importing Assets/UI/DifficultyChoiceScreen/Scripts/DifficultyScreenStyle.uss using Guid(98ecf60fb27461b4699904fbe4112004) Importer(815301076,1909f56bfc062723c751e8b465ee728b)  -> (artifact id: 'c4305eac8d0bb0d2ae2b69bafc269cc3') in 0.016525 seconds 
========================================================================
Received Prepare
Registering precompiled user dll's ...
Registered in 0.002924 seconds.
Begin MonoManager ReloadAssembly
Symbol file LoadedFromMemory doesn't match image D:\Unity Projects\Senior-Project-ProcGenPlatformer\Library\PackageCache\com.unity.visualscripting@1.8.0\Editor\VisualScripting.Core\Dependencies\YamlDotNet\Unity.VisualScripting.YamlDotNet.dll
Symbol file LoadedFromMemory doesn't match image D:\Unity Projects\Senior-Project-ProcGenPlatformer\Library\PackageCache\com.unity.visualscripting@1.8.0\Editor\VisualScripting.Core\Dependencies\DotNetZip\Unity.VisualScripting.IonicZip.dll
Native extension for WindowsStandalone target not found
Native extension for iOS target not found
Native extension for Android target not found
Native extension for WebGL target not found
Refreshing native plugins compatible for Editor in 0.67 ms, found 3 plugins.
Preloading 0 native plugins for Editor in 0.00 ms.
Mono: successfully reloaded assembly
- Completed reload, in  0.896 seconds
Domain Reload Profiling:
	ReloadAssembly (897ms)
		BeginReloadAssembly (122ms)
			ExecutionOrderSort (0ms)
			DisableScriptedObjects (6ms)
			BackupInstance (0ms)
			ReleaseScriptingObjects (0ms)
			CreateAndSetChildDomain (31ms)
		EndReloadAssembly (682ms)
			LoadAssemblies (80ms)
			RebuildTransferFunctionScriptingTraits (0ms)
			SetupTypeCache (209ms)
			ReleaseScriptCaches (1ms)
			RebuildScriptCaches (47ms)
			SetupLoadedEditorAssemblies (271ms)
				LogAssemblyErrors (0ms)
				InitializePlatformSupportModulesInManaged (25ms)
				SetLoadedEditorAssemblies (0ms)
				RefreshPlugins (1ms)
				BeforeProcessingInitializeOnLoad (52ms)
				ProcessInitializeOnLoadAttributes (170ms)
				ProcessInitializeOnLoadMethodAttributes (18ms)
				AfterProcessingInitializeOnLoad (4ms)
				EditorAssembliesLoaded (0ms)
			ExecutionOrderSort2 (0ms)
			AwakeInstancesAfterBackupRestoration (7ms)
Platform modules already initialized, skipping
Refreshing native plugins compatible for Editor in 2.46 ms, found 3 plugins.
Preloading 0 native plugins for Editor in 0.00 ms.
Unloading 3159 Unused Serialized files (Serialized files now loaded: 0)
Unloading 31 unused Assets / (83.3 KB). Loaded Objects now: 3632.
Memory consumption went from 111.2 MB to 111.1 MB.
Total: 2.747000 ms (FindLiveObjects: 0.210600 ms CreateObjectMapping: 0.072500 ms MarkObjects: 2.380400 ms  DeleteObjects: 0.082500 ms)

AssetImportParameters requested are different than current active one (requested -> active):
  custom:video-decoder-ogg-theora: a1e56fd34408186e4bbccfd4996cb3dc -> 
  custom:container-muxer-webm: aa71ff27fc2769a1b78a27578f13a17b -> 
  custom:container-demuxer-webm: 4f35f7cbe854078d1ac9338744f61a02 -> 
  custom:video-encoder-webm-vp8: eb34c28f22e8b96e1ab97ce403110664 -> 
  custom:video-codec-MediaFoundation-h265: 746d11721c4dcdbdad8f713fa42b33f4 -> 
  custom:audio-encoder-webm-vorbis: bf7c407c2cedff20999df2af8eb42d56 -> 
  custom:framework-win-MediaFoundation: 216162199b28c13a410421893ffa2e32 -> 
  custom:container-demuxer-ogg: 62fdf1f143b41e24485cea50d1cbac27 -> 
  custom:video-decoder-webm-vp8: 9c59270c3fd7afecdb556c50c9e8de78 -> 
  custom:audio-decoder-ogg-vorbis: bf7c407c2cedff20999df2af8eb42d56 -> 
========================================================================
Received Import Request.
  Time since last request: 70.768135 seconds.
  path: Assets/UI/DifficultyChoiceScreen/DifficultyChoicesScreen.uxml
  artifactKey: Guid(5547f0fc819ac49a98fd3a342bf62f31) Importer(815301076,1909f56bfc062723c751e8b465ee728b)
Start importing Assets/UI/DifficultyChoiceScreen/DifficultyChoicesScreen.uxml using Guid(5547f0fc819ac49a98fd3a342bf62f31) Importer(815301076,1909f56bfc062723c751e8b465ee728b)  -> (artifact id: '34f1cd95e22593d4b040f42b0047e434') in 0.047564 seconds 
========================================================================
Received Import Request.
  Time since last request: 43.524312 seconds.
  path: Assets/UI/DifficultyChoiceScreen/DifficultyChoicesScreen.uxml
  artifactKey: Guid(5547f0fc819ac49a98fd3a342bf62f31) Importer(815301076,1909f56bfc062723c751e8b465ee728b)
Start importing Assets/UI/DifficultyChoiceScreen/DifficultyChoicesScreen.uxml using Guid(5547f0fc819ac49a98fd3a342bf62f31) Importer(815301076,1909f56bfc062723c751e8b465ee728b)  -> (artifact id: '7b21c9d9a4fb8b89781877e8da9e72d9') in 0.014698 seconds 
========================================================================
Received Import Request.
  Time since last request: 8.886157 seconds.
  path: Assets/UI/DifficultyChoiceScreen/DifficultyChoicesScreen.uxml
  artifactKey: Guid(5547f0fc819ac49a98fd3a342bf62f31) Importer(815301076,1909f56bfc062723c751e8b465ee728b)
Start importing Assets/UI/DifficultyChoiceScreen/DifficultyChoicesScreen.uxml using Guid(5547f0fc819ac49a98fd3a342bf62f31) Importer(815301076,1909f56bfc062723c751e8b465ee728b)  -> (artifact id: '1ae530fa5a386e0694772ed94e1381e0') in 0.014358 seconds 
========================================================================
Received Import Request.
  Time since last request: 9.173055 seconds.
  path: Assets/UI/DifficultyChoiceScreen/DifficultyChoicesScreen.uxml
  artifactKey: Guid(5547f0fc819ac49a98fd3a342bf62f31) Importer(815301076,1909f56bfc062723c751e8b465ee728b)
Start importing Assets/UI/DifficultyChoiceScreen/DifficultyChoicesScreen.uxml using Guid(5547f0fc819ac49a98fd3a342bf62f31) Importer(815301076,1909f56bfc062723c751e8b465ee728b)  -> (artifact id: 'aacee165f300cf22c0605d472180892f') in 0.018580 seconds 
