Unity Editor version:    2021.3.21f1 (1b156197d683)
Branch:                  2021.3/staging
Build type:              Release
Batch mode:              YES
macOS version:           Version 12.5.1 (Build 21G83)
Darwin version:          21.6.0
Architecture:            arm64
Running under Rosetta:   NO
Available memory:        16384 MB
Using pre-set license
Pro License: YES

COMMAND LINE ARGUMENTS:
/Applications/Unity/Hub/Editor/2021.3.21f1/Unity.app/Contents/MacOS/Unity
-adb2
-batchMode
-noUpm
-name
AssetImportWorker0
-projectPath
/Users/bam1805/Unity Projects/Senior-Project
-logFile
Logs/AssetImportWorker0.log
-srvPort
55763
Successfully changed project path to: /Users/bam1805/Unity Projects/Senior-Project
/Users/bam1805/Unity Projects/Senior-Project
[UnityMemory] Configuration Parameters - Can be set up in boot.config
    "memorysetup-bucket-allocator-granularity=16"
    "memorysetup-bucket-allocator-bucket-count=8"
    "memorysetup-bucket-allocator-block-size=33554432"
    "memorysetup-bucket-allocator-block-count=8"
    "memorysetup-main-allocator-block-size=16777216"
    "memorysetup-thread-allocator-block-size=16777216"
    "memorysetup-gfx-main-allocator-block-size=16777216"
    "memorysetup-gfx-thread-allocator-block-size=16777216"
    "memorysetup-cache-allocator-block-size=4194304"
    "memorysetup-typetree-allocator-block-size=2097152"
    "memorysetup-profiler-bucket-allocator-granularity=16"
    "memorysetup-profiler-bucket-allocator-bucket-count=8"
    "memorysetup-profiler-bucket-allocator-block-size=33554432"
    "memorysetup-profiler-bucket-allocator-block-count=8"
    "memorysetup-profiler-allocator-block-size=16777216"
    "memorysetup-profiler-editor-allocator-block-size=1048576"
    "memorysetup-temp-allocator-size-main=16777216"
    "memorysetup-job-temp-allocator-block-size=2097152"
    "memorysetup-job-temp-allocator-block-size-background=1048576"
    "memorysetup-job-temp-allocator-reduction-small-platforms=262144"
    "memorysetup-temp-allocator-size-background-worker=32768"
    "memorysetup-temp-allocator-size-job-worker=262144"
    "memorysetup-temp-allocator-size-preload-manager=33554432"
    "memorysetup-temp-allocator-size-nav-mesh-worker=65536"
    "memorysetup-temp-allocator-size-audio-worker=65536"
    "memorysetup-temp-allocator-size-cloud-worker=32768"
    "memorysetup-temp-allocator-size-gi-baking-worker=262144"
    "memorysetup-temp-allocator-size-gfx=262144"
Player connection [4433495424] Host "[IP] 192.168.1.76 [Port] 0 [Flags] 2 [Guid] 3982366900 [EditorId] 3982366900 [Version] 1048832 [Id] OSXEditor(0,Bryces-MBP) [Debug] 1 [PackageName] OSXEditor [ProjectName] Editor" joined multi-casting on [225.0.0.222:54997]...

Player connection [4433495424] Host "[IP] 192.168.1.76 [Port] 0 [Flags] 2 [Guid] 3982366900 [EditorId] 3982366900 [Version] 1048832 [Id] OSXEditor(0,Bryces-MBP) [Debug] 1 [PackageName] OSXEditor [ProjectName] Editor" joined alternative multi-casting on [225.0.0.222:34997]...

Refreshing native plugins compatible for Editor in 63.64 ms, found 2 plugins.
Preloading 0 native plugins for Editor in 0.00 ms.
Initialize engine version: 2021.3.21f1 (1b156197d683)
[Subsystems] Discovering subsystems at path /Applications/Unity/Hub/Editor/2021.3.21f1/Unity.app/Contents/Resources/UnitySubsystems
[Subsystems] Discovering subsystems at path /Users/bam1805/Unity Projects/Senior-Project/Assets
GfxDevice: creating device client; threaded=0; jobified=0
 preferred device: Apple M1 Pro (high power)
Metal devices available: 1
0: Apple M1 Pro (high power)
Using device Apple M1 Pro (high power)
Initializing Metal device caps: Apple M1 Pro
Initialize mono
Mono path[0] = '/Applications/Unity/Hub/Editor/2021.3.21f1/Unity.app/Contents/Managed'
Mono path[1] = '/Applications/Unity/Hub/Editor/2021.3.21f1/Unity.app/Contents/MonoBleedingEdge/lib/mono/unityjit-macos'
Mono config path = '/Applications/Unity/Hub/Editor/2021.3.21f1/Unity.app/Contents/MonoBleedingEdge/etc'
Using monoOptions --debugger-agent=transport=dt_socket,embedding=1,server=y,suspend=n,address=127.0.0.1:56643
Begin MonoManager ReloadAssembly
Registering precompiled unity dll's ...
Register platform support module: /Applications/Unity/Hub/Editor/2021.3.21f1/PlaybackEngines/WebGLSupport/UnityEditor.WebGL.Extensions.dll
Register platform support module: /Applications/Unity/Hub/Editor/2021.3.21f1/Unity.app/Contents/PlaybackEngines/MacStandaloneSupport/UnityEditor.OSXStandalone.Extensions.dll
Register platform support module: /Applications/Unity/Hub/Editor/2021.3.21f1/PlaybackEngines/AndroidPlayer/UnityEditor.Android.Extensions.dll
Register platform support module: /Applications/Unity/Hub/Editor/2021.3.21f1/PlaybackEngines/iOSSupport/UnityEditor.iOS.Extensions.dll
Registered in 0.000609 seconds.
[usbmuxd] Start listen thread
[usbmuxd] Listen thread started
[usbmuxd] Send listen message
Native extension for iOS target not found
Native extension for Android target not found
Android Extension - Scanning For ADB Devices 74 ms
Native extension for OSXStandalone target not found
Native extension for WebGL target not found
Refreshing native plugins compatible for Editor in 62.19 ms, found 2 plugins.
Preloading 0 native plugins for Editor in 0.00 ms.
Mono: successfully reloaded assembly
- Completed reload, in  0.519 seconds
Domain Reload Profiling:
	ReloadAssembly (520ms)
		BeginReloadAssembly (53ms)
			ExecutionOrderSort (0ms)
			DisableScriptedObjects (0ms)
			BackupInstance (0ms)
			ReleaseScriptingObjects (0ms)
			CreateAndSetChildDomain (0ms)
		EndReloadAssembly (406ms)
			LoadAssemblies (52ms)
			RebuildTransferFunctionScriptingTraits (0ms)
			SetupTypeCache (80ms)
			ReleaseScriptCaches (0ms)
			RebuildScriptCaches (21ms)
			SetupLoadedEditorAssemblies (276ms)
				LogAssemblyErrors (0ms)
				InitializePlatformSupportModulesInManaged (140ms)
				SetLoadedEditorAssemblies (0ms)
				RefreshPlugins (62ms)
				BeforeProcessingInitializeOnLoad (1ms)
				ProcessInitializeOnLoadAttributes (49ms)
				ProcessInitializeOnLoadMethodAttributes (24ms)
				AfterProcessingInitializeOnLoad (0ms)
				EditorAssembliesLoaded (0ms)
			ExecutionOrderSort2 (0ms)
			AwakeInstancesAfterBackupRestoration (0ms)
Platform modules already initialized, skipping
Registering precompiled user dll's ...
Registered in 0.000877 seconds.
Begin MonoManager ReloadAssembly
Symbol file LoadedFromMemory doesn't match image /Users/bam1805/Unity Projects/Senior-Project/Library/PackageCache/com.unity.visualscripting@1.8.0/Editor/VisualScripting.Core/Dependencies/YamlDotNet/Unity.VisualScripting.YamlDotNet.dll
Symbol file LoadedFromMemory doesn't match image /Users/bam1805/Unity Projects/Senior-Project/Library/PackageCache/com.unity.visualscripting@1.8.0/Editor/VisualScripting.Core/Dependencies/DotNetZip/Unity.VisualScripting.IonicZip.dll
Native extension for iOS target not found
Native extension for Android target not found
Native extension for OSXStandalone target not found
Native extension for WebGL target not found
Refreshing native plugins compatible for Editor in 0.35 ms, found 2 plugins.
Preloading 0 native plugins for Editor in 0.00 ms.
Mono: successfully reloaded assembly
Package Manager log level set to [2]
- Completed reload, in  0.570 seconds
Domain Reload Profiling:
	ReloadAssembly (571ms)
		BeginReloadAssembly (71ms)
			ExecutionOrderSort (0ms)
			DisableScriptedObjects (4ms)
			BackupInstance (0ms)
			ReleaseScriptingObjects (0ms)
			CreateAndSetChildDomain (22ms)
		EndReloadAssembly (434ms)
			LoadAssemblies (37ms)
			RebuildTransferFunctionScriptingTraits (0ms)
			SetupTypeCache (147ms)
			ReleaseScriptCaches (0ms)
			RebuildScriptCaches (33ms)
			SetupLoadedEditorAssemblies (184ms)
				LogAssemblyErrors (0ms)
				InitializePlatformSupportModulesInManaged (16ms)
				SetLoadedEditorAssemblies (0ms)
				RefreshPlugins (0ms)
				BeforeProcessingInitializeOnLoad (48ms)
				ProcessInitializeOnLoadAttributes (108ms)
				ProcessInitializeOnLoadMethodAttributes (11ms)
				AfterProcessingInitializeOnLoad (1ms)
				EditorAssembliesLoaded (0ms)
			ExecutionOrderSort2 (0ms)
			AwakeInstancesAfterBackupRestoration (2ms)
Platform modules already initialized, skipping
========================================================================
Worker process is ready to serve import requests
Launching external process: /Applications/Unity/Hub/Editor/2021.3.21f1/Unity.app/Contents/Tools/UnityShaderCompiler
Launched and connected shader compiler UnityShaderCompiler after 0.04 seconds
Refreshing native plugins compatible for Editor in 0.36 ms, found 2 plugins.
Preloading 0 native plugins for Editor in 0.00 ms.
Unloading 3164 Unused Serialized files (Serialized files now loaded: 0)
Unloading 37 unused Assets / (65.8 KB). Loaded Objects now: 3614.
Memory consumption went from 104.7 MB to 104.6 MB.
Total: 2.181000 ms (FindLiveObjects: 0.086167 ms CreateObjectMapping: 0.033000 ms MarkObjects: 2.002042 ms  DeleteObjects: 0.059417 ms)

AssetImportParameters requested are different than current active one (requested -> active):
  custom:video-decoder-ogg-theora: a1e56fd34408186e4bbccfd4996cb3dc -> 
  custom:container-muxer-webm: aa71ff27fc2769a1b78a27578f13a17b -> 
  custom:container-demuxer-webm: 4f35f7cbe854078d1ac9338744f61a02 -> 
  custom:video-encoder-webm-vp8: eb34c28f22e8b96e1ab97ce403110664 -> 
  custom:framework-osx-AVFoundation: e770b220cccbd017edd2c1fefb359320 -> 
  custom:audio-encoder-webm-vorbis: bf7c407c2cedff20999df2af8eb42d56 -> 
  custom:container-demuxer-ogg: 62fdf1f143b41e24485cea50d1cbac27 -> 
  custom:video-decoder-webm-vp8: 9c59270c3fd7afecdb556c50c9e8de78 -> 
  custom:audio-decoder-ogg-vorbis: bf7c407c2cedff20999df2af8eb42d56 -> 
========================================================================
Received Import Request.
  Time since last request: 678196.900938 seconds.
  path: Assets/UI/ButtonUI.uxml
  artifactKey: Guid(609849bbfdbb146ae823b6fe63cf8cb4) Importer(815301076,1909f56bfc062723c751e8b465ee728b)
Start importing Assets/UI/ButtonUI.uxml using Guid(609849bbfdbb146ae823b6fe63cf8cb4) Importer(815301076,1909f56bfc062723c751e8b465ee728b)  -> (artifact id: 'e5ffff0b9fe921d2b1645d78fb3752c2') in 0.043150 seconds 
========================================================================
Received Import Request.
  Time since last request: 36.215010 seconds.
  path: Assets/UI/ButtonUI.uxml
  artifactKey: Guid(609849bbfdbb146ae823b6fe63cf8cb4) Importer(815301076,1909f56bfc062723c751e8b465ee728b)
Start importing Assets/UI/ButtonUI.uxml using Guid(609849bbfdbb146ae823b6fe63cf8cb4) Importer(815301076,1909f56bfc062723c751e8b465ee728b)  -> (artifact id: 'fdaa84c17b4a2ad8275ec8e7db9fb109') in 0.002227 seconds 
========================================================================
Received Import Request.
  Time since last request: 36.808895 seconds.
  path: Assets/UI/ButtonUI.uxml
  artifactKey: Guid(609849bbfdbb146ae823b6fe63cf8cb4) Importer(815301076,1909f56bfc062723c751e8b465ee728b)
Start importing Assets/UI/ButtonUI.uxml using Guid(609849bbfdbb146ae823b6fe63cf8cb4) Importer(815301076,1909f56bfc062723c751e8b465ee728b)  -> (artifact id: 'bb9ed24d5e950d963d4874001a4b09a3') in 0.002256 seconds 
========================================================================
Received Import Request.
  Time since last request: 250.500062 seconds.
  path: Assets/UI/UIBase.uxml
  artifactKey: Guid(761e2f1a224a34ba1a337e282ffbe75f) Importer(815301076,1909f56bfc062723c751e8b465ee728b)
Start importing Assets/UI/UIBase.uxml using Guid(761e2f1a224a34ba1a337e282ffbe75f) Importer(815301076,1909f56bfc062723c751e8b465ee728b)  -> (artifact id: 'e2ca9d34eb4179dc462d39f25e9edcd2') in 0.001970 seconds 
========================================================================
Received Import Request.
  Time since last request: 9.379297 seconds.
  path: Assets/UI/UIBase.uxml
  artifactKey: Guid(761e2f1a224a34ba1a337e282ffbe75f) Importer(815301076,1909f56bfc062723c751e8b465ee728b)
Start importing Assets/UI/UIBase.uxml using Guid(761e2f1a224a34ba1a337e282ffbe75f) Importer(815301076,1909f56bfc062723c751e8b465ee728b)  -> (artifact id: 'c63c425f7211769e5c4e167a1f5e7909') in 0.020218 seconds 
========================================================================
Received Prepare
Registering precompiled user dll's ...
Registered in 0.000843 seconds.
Begin MonoManager ReloadAssembly
Thread 0x290743000 may have been prematurely finalized
Symbol file LoadedFromMemory doesn't match image /Users/bam1805/Unity Projects/Senior-Project/Library/PackageCache/com.unity.visualscripting@1.8.0/Editor/VisualScripting.Core/Dependencies/YamlDotNet/Unity.VisualScripting.YamlDotNet.dll
Symbol file LoadedFromMemory doesn't match image /Users/bam1805/Unity Projects/Senior-Project/Library/PackageCache/com.unity.visualscripting@1.8.0/Editor/VisualScripting.Core/Dependencies/DotNetZip/Unity.VisualScripting.IonicZip.dll
Native extension for iOS target not found
Native extension for Android target not found
Native extension for OSXStandalone target not found
Native extension for WebGL target not found
Refreshing native plugins compatible for Editor in 0.58 ms, found 2 plugins.
Preloading 0 native plugins for Editor in 0.00 ms.
Mono: successfully reloaded assembly
- Completed reload, in  0.526 seconds
Domain Reload Profiling:
	ReloadAssembly (526ms)
		BeginReloadAssembly (82ms)
			ExecutionOrderSort (0ms)
			DisableScriptedObjects (3ms)
			BackupInstance (0ms)
			ReleaseScriptingObjects (0ms)
			CreateAndSetChildDomain (34ms)
		EndReloadAssembly (390ms)
			LoadAssemblies (32ms)
			RebuildTransferFunctionScriptingTraits (0ms)
			SetupTypeCache (141ms)
			ReleaseScriptCaches (1ms)
			RebuildScriptCaches (26ms)
			SetupLoadedEditorAssemblies (154ms)
				LogAssemblyErrors (0ms)
				InitializePlatformSupportModulesInManaged (17ms)
				SetLoadedEditorAssemblies (0ms)
				RefreshPlugins (1ms)
				BeforeProcessingInitializeOnLoad (33ms)
				ProcessInitializeOnLoadAttributes (93ms)
				ProcessInitializeOnLoadMethodAttributes (10ms)
				AfterProcessingInitializeOnLoad (1ms)
				EditorAssembliesLoaded (0ms)
			ExecutionOrderSort2 (0ms)
			AwakeInstancesAfterBackupRestoration (2ms)
Platform modules already initialized, skipping
Refreshing native plugins compatible for Editor in 0.87 ms, found 2 plugins.
Preloading 0 native plugins for Editor in 0.00 ms.
Unloading 3159 Unused Serialized files (Serialized files now loaded: 0)
Unloading 30 unused Assets / (45.7 KB). Loaded Objects now: 3618.
Memory consumption went from 108.7 MB to 108.7 MB.
Total: 2.090000 ms (FindLiveObjects: 0.100875 ms CreateObjectMapping: 0.034833 ms MarkObjects: 1.896792 ms  DeleteObjects: 0.056834 ms)

AssetImportParameters requested are different than current active one (requested -> active):
  custom:video-decoder-ogg-theora: a1e56fd34408186e4bbccfd4996cb3dc -> 
  custom:container-muxer-webm: aa71ff27fc2769a1b78a27578f13a17b -> 
  custom:container-demuxer-webm: 4f35f7cbe854078d1ac9338744f61a02 -> 
  custom:video-encoder-webm-vp8: eb34c28f22e8b96e1ab97ce403110664 -> 
  custom:framework-osx-AVFoundation: e770b220cccbd017edd2c1fefb359320 -> 
  custom:audio-encoder-webm-vorbis: bf7c407c2cedff20999df2af8eb42d56 -> 
  custom:container-demuxer-ogg: 62fdf1f143b41e24485cea50d1cbac27 -> 
  custom:video-decoder-webm-vp8: 9c59270c3fd7afecdb556c50c9e8de78 -> 
  custom:audio-decoder-ogg-vorbis: bf7c407c2cedff20999df2af8eb42d56 -> 
========================================================================
Received Import Request.
  Time since last request: 82.063237 seconds.
  path: Assets/UI/UIBase.uxml
  artifactKey: Guid(761e2f1a224a34ba1a337e282ffbe75f) Importer(815301076,1909f56bfc062723c751e8b465ee728b)
Start importing Assets/UI/UIBase.uxml using Guid(761e2f1a224a34ba1a337e282ffbe75f) Importer(815301076,1909f56bfc062723c751e8b465ee728b)  -> (artifact id: '992f033868e42eb17b872ca448af2104') in 0.015380 seconds 
========================================================================
Received Prepare
Registering precompiled user dll's ...
Registered in 0.000816 seconds.
Begin MonoManager ReloadAssembly
Thread 0x290743000 may have been prematurely finalized
Symbol file LoadedFromMemory doesn't match image /Users/bam1805/Unity Projects/Senior-Project/Library/PackageCache/com.unity.visualscripting@1.8.0/Editor/VisualScripting.Core/Dependencies/YamlDotNet/Unity.VisualScripting.YamlDotNet.dll
Symbol file LoadedFromMemory doesn't match image /Users/bam1805/Unity Projects/Senior-Project/Library/PackageCache/com.unity.visualscripting@1.8.0/Editor/VisualScripting.Core/Dependencies/DotNetZip/Unity.VisualScripting.IonicZip.dll
Native extension for iOS target not found
Native extension for Android target not found
Native extension for OSXStandalone target not found
Native extension for WebGL target not found
Refreshing native plugins compatible for Editor in 0.49 ms, found 2 plugins.
Preloading 0 native plugins for Editor in 0.00 ms.
Mono: successfully reloaded assembly
- Completed reload, in  0.571 seconds
Domain Reload Profiling:
	ReloadAssembly (571ms)
		BeginReloadAssembly (83ms)
			ExecutionOrderSort (0ms)
			DisableScriptedObjects (3ms)
			BackupInstance (0ms)
			ReleaseScriptingObjects (0ms)
			CreateAndSetChildDomain (33ms)
		EndReloadAssembly (431ms)
			LoadAssemblies (33ms)
			RebuildTransferFunctionScriptingTraits (0ms)
			SetupTypeCache (150ms)
			ReleaseScriptCaches (1ms)
			RebuildScriptCaches (30ms)
			SetupLoadedEditorAssemblies (175ms)
				LogAssemblyErrors (0ms)
				InitializePlatformSupportModulesInManaged (19ms)
				SetLoadedEditorAssemblies (0ms)
				RefreshPlugins (1ms)
				BeforeProcessingInitializeOnLoad (36ms)
				ProcessInitializeOnLoadAttributes (106ms)
				ProcessInitializeOnLoadMethodAttributes (12ms)
				AfterProcessingInitializeOnLoad (1ms)
				EditorAssembliesLoaded (0ms)
			ExecutionOrderSort2 (0ms)
			AwakeInstancesAfterBackupRestoration (2ms)
Platform modules already initialized, skipping
Refreshing native plugins compatible for Editor in 1.02 ms, found 2 plugins.
Preloading 0 native plugins for Editor in 0.00 ms.
Unloading 3159 Unused Serialized files (Serialized files now loaded: 0)
Unloading 30 unused Assets / (46.6 KB). Loaded Objects now: 3621.
Memory consumption went from 108.7 MB to 108.7 MB.
Total: 2.156542 ms (FindLiveObjects: 0.100792 ms CreateObjectMapping: 0.036333 ms MarkObjects: 1.962125 ms  DeleteObjects: 0.056333 ms)

AssetImportParameters requested are different than current active one (requested -> active):
  custom:video-decoder-ogg-theora: a1e56fd34408186e4bbccfd4996cb3dc -> 
  custom:container-muxer-webm: aa71ff27fc2769a1b78a27578f13a17b -> 
  custom:container-demuxer-webm: 4f35f7cbe854078d1ac9338744f61a02 -> 
  custom:video-encoder-webm-vp8: eb34c28f22e8b96e1ab97ce403110664 -> 
  custom:framework-osx-AVFoundation: e770b220cccbd017edd2c1fefb359320 -> 
  custom:audio-encoder-webm-vorbis: bf7c407c2cedff20999df2af8eb42d56 -> 
  custom:container-demuxer-ogg: 62fdf1f143b41e24485cea50d1cbac27 -> 
  custom:video-decoder-webm-vp8: 9c59270c3fd7afecdb556c50c9e8de78 -> 
  custom:audio-decoder-ogg-vorbis: bf7c407c2cedff20999df2af8eb42d56 -> 
========================================================================
Received Import Request.
  Time since last request: 62.773826 seconds.
  path: Assets/UI/UIBase.uxml
  artifactKey: Guid(761e2f1a224a34ba1a337e282ffbe75f) Importer(815301076,1909f56bfc062723c751e8b465ee728b)
Start importing Assets/UI/UIBase.uxml using Guid(761e2f1a224a34ba1a337e282ffbe75f) Importer(815301076,1909f56bfc062723c751e8b465ee728b)  -> (artifact id: '9db3cc28a29fd57863b1a84a415e3a45') in 0.015111 seconds 
========================================================================
Received Prepare
Registering precompiled user dll's ...
Registered in 0.000915 seconds.
Begin MonoManager ReloadAssembly
Thread 0x290743000 may have been prematurely finalized
Symbol file LoadedFromMemory doesn't match image /Users/bam1805/Unity Projects/Senior-Project/Library/PackageCache/com.unity.visualscripting@1.8.0/Editor/VisualScripting.Core/Dependencies/YamlDotNet/Unity.VisualScripting.YamlDotNet.dll
Symbol file LoadedFromMemory doesn't match image /Users/bam1805/Unity Projects/Senior-Project/Library/PackageCache/com.unity.visualscripting@1.8.0/Editor/VisualScripting.Core/Dependencies/DotNetZip/Unity.VisualScripting.IonicZip.dll
Native extension for iOS target not found
Native extension for Android target not found
Native extension for OSXStandalone target not found
Native extension for WebGL target not found
Refreshing native plugins compatible for Editor in 0.41 ms, found 2 plugins.
Preloading 0 native plugins for Editor in 0.00 ms.
Mono: successfully reloaded assembly
- Completed reload, in  0.519 seconds
Domain Reload Profiling:
	ReloadAssembly (520ms)
		BeginReloadAssembly (79ms)
			ExecutionOrderSort (0ms)
			DisableScriptedObjects (3ms)
			BackupInstance (0ms)
			ReleaseScriptingObjects (0ms)
			CreateAndSetChildDomain (33ms)
		EndReloadAssembly (386ms)
			LoadAssemblies (31ms)
			RebuildTransferFunctionScriptingTraits (0ms)
			SetupTypeCache (141ms)
			ReleaseScriptCaches (1ms)
			RebuildScriptCaches (26ms)
			SetupLoadedEditorAssemblies (151ms)
				LogAssemblyErrors (0ms)
				InitializePlatformSupportModulesInManaged (17ms)
				SetLoadedEditorAssemblies (0ms)
				RefreshPlugins (0ms)
				BeforeProcessingInitializeOnLoad (32ms)
				ProcessInitializeOnLoadAttributes (91ms)
				ProcessInitializeOnLoadMethodAttributes (9ms)
				AfterProcessingInitializeOnLoad (1ms)
				EditorAssembliesLoaded (0ms)
			ExecutionOrderSort2 (0ms)
			AwakeInstancesAfterBackupRestoration (2ms)
Platform modules already initialized, skipping
Refreshing native plugins compatible for Editor in 1.01 ms, found 2 plugins.
Preloading 0 native plugins for Editor in 0.00 ms.
Unloading 3159 Unused Serialized files (Serialized files now loaded: 0)
Unloading 30 unused Assets / (45.7 KB). Loaded Objects now: 3624.
Memory consumption went from 108.7 MB to 108.7 MB.
Total: 2.148875 ms (FindLiveObjects: 0.116708 ms CreateObjectMapping: 0.037750 ms MarkObjects: 1.938292 ms  DeleteObjects: 0.055208 ms)

AssetImportParameters requested are different than current active one (requested -> active):
  custom:video-decoder-ogg-theora: a1e56fd34408186e4bbccfd4996cb3dc -> 
  custom:container-muxer-webm: aa71ff27fc2769a1b78a27578f13a17b -> 
  custom:container-demuxer-webm: 4f35f7cbe854078d1ac9338744f61a02 -> 
  custom:video-encoder-webm-vp8: eb34c28f22e8b96e1ab97ce403110664 -> 
  custom:framework-osx-AVFoundation: e770b220cccbd017edd2c1fefb359320 -> 
  custom:audio-encoder-webm-vorbis: bf7c407c2cedff20999df2af8eb42d56 -> 
  custom:container-demuxer-ogg: 62fdf1f143b41e24485cea50d1cbac27 -> 
  custom:video-decoder-webm-vp8: 9c59270c3fd7afecdb556c50c9e8de78 -> 
  custom:audio-decoder-ogg-vorbis: bf7c407c2cedff20999df2af8eb42d56 -> 
========================================================================
Received Import Request.
  Time since last request: 191.841125 seconds.
  path: Assets/UI/UIBase.uxml
  artifactKey: Guid(761e2f1a224a34ba1a337e282ffbe75f) Importer(815301076,1909f56bfc062723c751e8b465ee728b)
Start importing Assets/UI/UIBase.uxml using Guid(761e2f1a224a34ba1a337e282ffbe75f) Importer(815301076,1909f56bfc062723c751e8b465ee728b)  -> (artifact id: '05d47563d1e6069b8ad15d53cdd96a5c') in 0.016406 seconds 
========================================================================
Received Import Request.
  Time since last request: 14.269413 seconds.
  path: Assets/UI/UIBase.uxml
  artifactKey: Guid(761e2f1a224a34ba1a337e282ffbe75f) Importer(815301076,1909f56bfc062723c751e8b465ee728b)
Start importing Assets/UI/UIBase.uxml using Guid(761e2f1a224a34ba1a337e282ffbe75f) Importer(815301076,1909f56bfc062723c751e8b465ee728b)  -> (artifact id: '92e2fd0d3e6cad6e5067f7191d63961f') in 0.002080 seconds 
